<?xml version="1.0" encoding="UTF-8"?>
<!-- Generated by org.testng.reporters.JUnitXMLReporter -->
<testsuite hostname="kuba-Komputer" name="Default test" tests="6" failures="0" timestamp="21 Feb 2015 17:25:30 GMT" time="0.043" errors="0">
  <testcase name="test1" time="0.012" classname="testng.TestCases"/>
  <testcase name="test1" time="0.001" classname="testng.TestCases"/>
  <testcase name="test2" time="0.001" classname="testng.TestCases"/>
  <testcase name="test2" time="0.002" classname="testng.TestCases"/>
  <testcase name="test3" time="0.001" classname="testng.TestCases"/>
  <testcase name="test3" time="0.002" classname="testng.TestCases"/>
</testsuite> <!-- Default test -->
