<?xml version="1.0" encoding="UTF-8"?>
<testng-results skipped="0" failed="0" total="2" passed="2">
  <reporter-output>
  </reporter-output>
  <suite name="Yahoo" duration-ms="25" started-at="2015-02-21T20:17:57Z" finished-at="2015-02-21T20:17:57Z">
    <groups>
    </groups>
    <test name="Login R" duration-ms="25" started-at="2015-02-21T20:17:57Z" finished-at="2015-02-21T20:17:57Z">
      <class name="testnglistener.LoginTest">
        <test-method status="PASS" signature="login()[pri:0, instance:testnglistener.LoginTest@1615b33b]" name="login" duration-ms="11" started-at="2015-02-21T21:17:57Z" finished-at="2015-02-21T21:17:57Z">
          <reporter-output>
          </reporter-output>
        </test-method> <!-- login -->
        <test-method status="PASS" signature="loginAdmin()[pri:0, instance:testnglistener.LoginTest@1615b33b]" name="loginAdmin" duration-ms="0" started-at="2015-02-21T21:17:57Z" finished-at="2015-02-21T21:17:57Z">
          <reporter-output>
          </reporter-output>
        </test-method> <!-- loginAdmin -->
      </class> <!-- testnglistener.LoginTest -->
    </test> <!-- Login R -->
  </suite> <!-- Yahoo -->
</testng-results>
