<?xml version="1.0" encoding="UTF-8"?>
<!-- Generated by org.testng.reporters.JUnitXMLReporter -->
<testsuite hostname="kuba-Komputer" name="Yahoo Reg Test" tests="3" failures="0" timestamp="21 Feb 2015 10:07:36 GMT" time="0.02" errors="0">
  <testcase name="testRegister" time="0.013" classname="testng.YahooRegTest"/>
  <testcase name="testRegister" time="0.001" classname="testng.YahooRegTest"/>
  <testcase name="testRegister" time="0.001" classname="testng.YahooRegTest"/>
</testsuite> <!-- Yahoo Reg Test -->
